<?xml version="1.0" encoding="UTF-8" standalone="yes"?><!DOCTYPE report PUBLIC "-//JACOCO//DTD Report 1.1//EN" "report.dtd"><report name="itf-failure-plugin"><sessioninfo id="fv-az123-483-d0508744" start="1660390926350" dump="1660390927503"/><sessioninfo id="fv-az123-483-6c9e5e35" start="1660390937905" dump="1660390938883"/><sessioninfo id="fv-az123-483-3bd56615" start="1660390950244" dump="1660390952313"/><sessioninfo id="fv-az123-483-988036d" start="1660391007976" dump="1660391021127"/></report>