<?xml version="1.0" encoding="UTF-8" standalone="yes"?><!DOCTYPE report PUBLIC "-//JACOCO//DTD Report 1.1//EN" "report.dtd"><report name="itf-failure-plugin"><sessioninfo id="fv-az163-981-862b9766" start="1656340051178" dump="1656340052561"/><sessioninfo id="fv-az163-981-e0faca4e" start="1656340062175" dump="1656340063599"/><sessioninfo id="fv-az163-981-2b58c162" start="1656340073766" dump="1656340076378"/><sessioninfo id="fv-az163-981-3c5e1386" start="1656340136270" dump="1656340148884"/></report>