<?xml version="1.0" encoding="UTF-8" standalone="yes"?><!DOCTYPE report PUBLIC "-//JACOCO//DTD Report 1.1//EN" "report.dtd"><report name="itf-failure-plugin"><sessioninfo id="fv-az280-418-67257444" start="1672342738400" dump="1672342739628"/><sessioninfo id="fv-az280-418-fc66da0b" start="1672342750989" dump="1672342754215"/><sessioninfo id="fv-az280-418-49da92f7" start="1672342768305" dump="1672342770535"/><sessioninfo id="fv-az280-418-c0234979" start="1672342831907" dump="1672342846362"/></report>