<?xml version="1.0" encoding="UTF-8" standalone="yes"?><!DOCTYPE report PUBLIC "-//JACOCO//DTD Report 1.1//EN" "report.dtd"><report name="itf-maven-plugin"><sessioninfo id="khmac.local-558b305b" start="1587162888596" dump="1587162889419"/><sessioninfo id="khmac.local-37f35fe0" start="1587162890938" dump="1587162893767"/><sessioninfo id="khmac.local-d1f7a4f5" start="1587162896861" dump="1587162905219"/><sessioninfo id="khmac.local-c851fffc" start="1587163028319" dump="1587163029124"/><sessioninfo id="khmac.local-cbe907e6" start="1587163041363" dump="1587163044214"/><sessioninfo id="khmac.local-b01b783c" start="1587163058046" dump="1587163063250"/></report>