<?xml version="1.0" encoding="UTF-8" standalone="yes"?><!DOCTYPE report PUBLIC "-//JACOCO//DTD Report 1.1//EN" "report.dtd"><report name="itf-examples"><sessioninfo id="khmac.local-558b305b" start="1587162888596" dump="1587162889419"/><sessioninfo id="khmac.local-37f35fe0" start="1587162890938" dump="1587162893767"/><sessioninfo id="khmac.local-74d3822c" start="1587162906495" dump="1587162907191"/><sessioninfo id="khmac.local-27eba431" start="1587162907889" dump="1587162962511"/><sessioninfo id="khmac.local-c851fffc" start="1587163028319" dump="1587163029124"/><sessioninfo id="khmac.local-cbe907e6" start="1587163041363" dump="1587163044214"/><sessioninfo id="khmac.local-ce27612c" start="1587163077362" dump="1587163078113"/><sessioninfo id="khmac.local-dae4e7f6" start="1587163078783" dump="1587163110158"/></report>